2026-01-27 14:04:54 [done] DietistApp/onyx completed di-95a
2026-01-27 14:04:56 [kill] DietistApp/polecats/onyx killed (self-clean: done means gone)
2026-01-27 14:05:19 [done] DietistApp/obsidian completed di-95a
2026-01-27 14:05:20 [kill] DietistApp/polecats/obsidian killed (self-clean: done means gone)
2026-01-27 14:06:00 [handoff] DietistApp/witness handed off (Witness patrol 1 handoff)
2026-01-27 20:44:56 [nudge] DietistApp/opal nudged with "[from DietistApp/witness] Work looks complete. ..."
2026-01-27 20:45:03 [nudge] DietistApp/quartz nudged with "[from DietistApp/witness] Your work was reassig..."
2026-01-27 20:45:14 [nudge] DietistApp/jasper nudged with "[from DietistApp/witness] Your work (di-bq5) wa..."
2026-01-27 20:46:06 [done] DietistApp/opal completed di-56i
2026-01-27 20:46:07 [kill] DietistApp/polecats/opal killed (self-clean: done means gone)
2026-01-27 20:47:02 [nudge] DietistApp/jasper nudged with "[from DietistApp/witness] Cancel plan (Esc), th..."
2026-01-27 20:47:04 [nudge] DietistApp/quartz nudged with "[from DietistApp/witness] Run: bd sync && gt do..."
2026-01-27 20:47:05 [nudge] DietistApp/topaz nudged with "[from DietistApp/witness] If work complete, run..."
2026-01-27 20:47:16 [done] DietistApp/topaz completed di-bq5
2026-01-27 20:47:21 [kill] DietistApp/polecats/topaz killed (self-clean: done means gone)
2026-01-29 12:30:23 [nudge] DietistApp/topaz nudged with "[from mayor] Push your changes and create a PR"
2026-01-29 12:30:24 [nudge] DietistApp/opal nudged with "[from mayor] Commit your changes, push, and cre..."
2026-01-29 12:31:27 [nudge] DietistApp/topaz nudged with "[from mayor] Push your changes to the remote an..."
2026-01-29 12:31:28 [nudge] DietistApp/opal nudged with "[from mayor] Commit your changes, push to remot..."
2026-01-29 12:31:29 [nudge] DietistApp/onyx nudged with "[from mayor] Push your changes to remote and cr..."
2026-01-29 12:31:30 [nudge] DietistApp/obsidian nudged with "[from mayor] Commit your changes, push to remot..."
2026-01-29 12:32:15 [nudge] DietistApp/refinery nudged with "[from mayor] Check for open PRs and process mer..."
2026-01-29 12:32:57 [nudge] DietistApp/refinery nudged with "[from mayor] Yes, review and merge PR #2 (Dieti..."
2026-01-29 12:34:13 [nudge] DietistApp/refinery nudged with "[from mayor] Yes, close PR #4 as duplicate of P..."
2026-01-30 09:02:29 [nudge] DietistApp/garnet nudged with "[from mayor] Create the pull request"
2026-01-30 09:02:31 [nudge] DietistApp/ruby nudged with "[from mayor] Create a pull request for your cha..."
2026-01-30 09:03:09 [nudge] DietistApp/refinery nudged with "[from mayor] Two new PRs ready: PR #5 (Register..."
2026-01-30 09:04:11 [nudge] DietistApp/refinery nudged with "[from mayor] Option 2 - comment on PR #6 reques..."
2026-01-30 09:04:12 [nudge] DietistApp/ruby nudged with "[from mayor] Your PR #6 has merge conflicts wit..."
2026-01-30 09:05:19 [nudge] DietistApp/refinery nudged with "[from mayor] PR #6 has been rebased and updated..."
2026-01-30 09:30:26 [nudge] DietistApp/amber nudged with "[from mayor] Proceed with option 1 - clear cont..."
2026-01-30 09:30:27 [nudge] DietistApp/jade nudged with "[from mayor] Commit your changes, push to remot..."
2026-01-30 09:31:07 [nudge] DietistApp/amber nudged with "[from mayor] Exit plan mode and start implement..."
2026-01-30 09:31:30 [nudge] DietistApp/refinery nudged with "[from mayor] New PR #7 ready - Add Livsmedelsve..."
2026-01-30 10:13:11 [nudge] DietistApp/flint nudged with "[from mayor] PAUSE: di-2vn is now blocked by di..."
2026-01-30 13:55:18 [nudge] DietistApp/basalt nudged with "[from mayor] IMPORTANT UPDATE: The correct Livs..."
2026-01-30 15:13:52 [nudge] DietistApp/flint nudged with "[from mayor] UNBLOCKED: di-8kn is now closed. Y..."
2026-01-30 15:14:00 [nudge] DietistApp/flint nudged with "[from mayor] IMPORTANT ADDITION: After parsing ..."
2026-01-30 15:16:39 [nudge] DietistApp/flint nudged with "[from mayor] Continue working on di-2vn: AI rec..."
2026-01-30 15:16:40 [nudge] DietistApp/marble nudged with "[from mayor] Continue working on di-jfs: Nutrit..."
2026-01-30 15:16:41 [nudge] DietistApp/basalt nudged with "[from mayor] Continue working on di-45o: Cachin..."
2026-01-30 15:17:05 [nudge] DietistApp/flint nudged with "[from mayor] WAKE UP\\! Start implementing di-2v..."
2026-01-30 15:17:07 [nudge] DietistApp/marble nudged with "[from mayor] WAKE UP\\! Start implementing di-jf..."
2026-01-30 15:17:08 [nudge] DietistApp/basalt nudged with "[from mayor] WAKE UP\\! Start implementing di-45..."
2026-02-08 19:20:56 [done] vault67/quartz completed va-91y
2026-02-08 19:20:57 [kill] vault67/polecats/quartz killed (self-clean: done means gone)
2026-02-08 19:25:59 [handoff] vault67/witness handed off (Witness patrol cycle complete)
2026-02-08 19:31:49 [handoff] vault67/witness handed off (🤝 HANDOFF: Witness patrol cycle complete)
2026-02-08 19:41:51 [handoff] vault67/witness handed off
2026-02-08 19:48:51 [nudge] vault67/refinery nudged with "[from mayor] Process MQ - MR va-0hq ready for m..."
2026-02-08 21:21:53 [nudge] vault67/obsidian nudged with "[from mayor] Read plan.md in the rig root for f..."
2026-02-08 21:21:55 [nudge] vault67/jasper nudged with "[from mayor] This is the HITL answer command. I..."
2026-02-08 21:21:57 [nudge] vault67/quartz nudged with "[from mayor] Work looks done. Please commit you..."
2026-02-08 21:21:58 [nudge] vault67/topaz nudged with "[from mayor] Work looks done. Please commit you..."
2026-02-08 21:22:00 [nudge] vault67/onyx nudged with "[from mayor] Stop planning, start implementing...."
2026-02-08 21:22:01 [nudge] vault67/opal nudged with "[from mayor] Approve the plan (option 1) and pr..."
2026-02-08 21:23:00 [done] vault67/quartz completed va-3wr
2026-02-08 21:23:01 [kill] vault67/polecats/quartz killed (self-clean: done means gone)
2026-02-08 21:23:38 [done] vault67/onyx completed va-f9o
2026-02-08 21:23:39 [kill] vault67/polecats/onyx killed (self-clean: done means gone)
2026-02-08 21:24:34 [done] vault67/obsidian completed va-jmo
2026-02-08 21:24:35 [kill] vault67/polecats/obsidian killed (self-clean: done means gone)
